2019-04-14 11:01:46 Error: [MissingControllerException] Controller class CssController could not be found.
Exception Attributes: array (
  'class' => 'CssController',
  'plugin' => NULL,
)
Request URL: /css/cake.generic.css
Stack Trace:
#0 /var/www/html/cakephp2/webroot/index.php(110): Dispatcher->dispatch(Object(CakeRequest), Object(CakeResponse))
#1 /var/www/html/cakephp2/index.php(8): require('/var/www/html/c...')
#2 {main}
2019-04-14 11:01:46 Error: [MissingControllerException] Controller class ImgController could not be found.
Exception Attributes: array (
  'class' => 'ImgController',
  'plugin' => NULL,
)
Request URL: /img/cake.power.gif
Stack Trace:
#0 /var/www/html/cakephp2/webroot/index.php(110): Dispatcher->dispatch(Object(CakeRequest), Object(CakeResponse))
#1 /var/www/html/cakephp2/index.php(8): require('/var/www/html/c...')
#2 {main}
2019-04-14 11:02:53 Error: [MissingControllerException] Controller class CssController could not be found.
Exception Attributes: array (
  'class' => 'CssController',
  'plugin' => NULL,
)
Request URL: /css/cake.generic.css
Stack Trace:
#0 /var/www/html/cakephp2/webroot/index.php(110): Dispatcher->dispatch(Object(CakeRequest), Object(CakeResponse))
#1 /var/www/html/cakephp2/index.php(8): require('/var/www/html/c...')
#2 {main}
2019-04-14 11:02:53 Error: [MissingControllerException] Controller class ImgController could not be found.
Exception Attributes: array (
  'class' => 'ImgController',
  'plugin' => NULL,
)
Request URL: /img/cake.power.gif
Stack Trace:
#0 /var/www/html/cakephp2/webroot/index.php(110): Dispatcher->dispatch(Object(CakeRequest), Object(CakeResponse))
#1 /var/www/html/cakephp2/index.php(8): require('/var/www/html/c...')
#2 {main}
2019-04-14 11:02:58 Error: [MissingControllerException] Controller class CssController could not be found.
Exception Attributes: array (
  'class' => 'CssController',
  'plugin' => NULL,
)
Request URL: /css/cake.generic.css
Stack Trace:
#0 /var/www/html/cakephp2/webroot/index.php(110): Dispatcher->dispatch(Object(CakeRequest), Object(CakeResponse))
#1 /var/www/html/cakephp2/index.php(8): require('/var/www/html/c...')
#2 {main}
2019-04-14 11:03:38 Error: [MissingControllerException] Controller class ImgController could not be found.
Exception Attributes: array (
  'class' => 'ImgController',
  'plugin' => NULL,
)
Request URL: /img/cake.power.gif
Stack Trace:
#0 /var/www/html/cakephp2/webroot/index.php(110): Dispatcher->dispatch(Object(CakeRequest), Object(CakeResponse))
#1 /var/www/html/cakephp2/index.php(8): require('/var/www/html/c...')
#2 {main}
2019-04-14 11:03:38 Error: [MissingControllerException] Controller class CssController could not be found.
Exception Attributes: array (
  'class' => 'CssController',
  'plugin' => NULL,
)
Request URL: /css/cake.generic.css
Stack Trace:
#0 /var/www/html/cakephp2/webroot/index.php(110): Dispatcher->dispatch(Object(CakeRequest), Object(CakeResponse))
#1 /var/www/html/cakephp2/index.php(8): require('/var/www/html/c...')
#2 {main}
2019-04-14 11:05:27 Error: [MissingControllerException] Controller class ImgController could not be found.
Exception Attributes: array (
  'class' => 'ImgController',
  'plugin' => NULL,
)
Request URL: /img/cake.power.gif
Stack Trace:
#0 /var/www/html/cakephp2/webroot/index.php(110): Dispatcher->dispatch(Object(CakeRequest), Object(CakeResponse))
#1 /var/www/html/cakephp2/index.php(8): require('/var/www/html/c...')
#2 {main}
2019-04-14 11:05:27 Error: [MissingControllerException] Controller class CssController could not be found.
Exception Attributes: array (
  'class' => 'CssController',
  'plugin' => NULL,
)
Request URL: /css/cake.generic.css
Stack Trace:
#0 /var/www/html/cakephp2/webroot/index.php(110): Dispatcher->dispatch(Object(CakeRequest), Object(CakeResponse))
#1 /var/www/html/cakephp2/index.php(8): require('/var/www/html/c...')
#2 {main}
2019-04-14 11:05:31 Error: [MissingControllerException] Controller class CssController could not be found.
Exception Attributes: array (
  'class' => 'CssController',
  'plugin' => NULL,
)
Request URL: /css/cake.generic.css
Stack Trace:
#0 /var/www/html/cakephp2/webroot/index.php(110): Dispatcher->dispatch(Object(CakeRequest), Object(CakeResponse))
#1 /var/www/html/cakephp2/index.php(8): require('/var/www/html/c...')
#2 {main}
2019-04-14 11:05:31 Error: [MissingControllerException] Controller class ImgController could not be found.
Exception Attributes: array (
  'class' => 'ImgController',
  'plugin' => NULL,
)
Request URL: /img/cake.power.gif
Stack Trace:
#0 /var/www/html/cakephp2/webroot/index.php(110): Dispatcher->dispatch(Object(CakeRequest), Object(CakeResponse))
#1 /var/www/html/cakephp2/index.php(8): require('/var/www/html/c...')
#2 {main}
2019-04-14 11:07:51 Error: [MissingControllerException] Controller class CssController could not be found.
Exception Attributes: array (
  'class' => 'CssController',
  'plugin' => NULL,
)
Request URL: /css/cake.generic.css
Stack Trace:
#0 /var/www/html/cakephp2/webroot/index.php(110): Dispatcher->dispatch(Object(CakeRequest), Object(CakeResponse))
#1 /var/www/html/cakephp2/index.php(8): require('/var/www/html/c...')
#2 {main}
2019-04-14 11:07:51 Error: [MissingControllerException] Controller class ImgController could not be found.
Exception Attributes: array (
  'class' => 'ImgController',
  'plugin' => NULL,
)
Request URL: /img/cake.power.gif
Stack Trace:
#0 /var/www/html/cakephp2/webroot/index.php(110): Dispatcher->dispatch(Object(CakeRequest), Object(CakeResponse))
#1 /var/www/html/cakephp2/index.php(8): require('/var/www/html/c...')
#2 {main}
2019-04-14 11:07:57 Error: [MissingControllerException] Controller class ImgController could not be found.
Exception Attributes: array (
  'class' => 'ImgController',
  'plugin' => NULL,
)
Request URL: /img/cake.power.gif
Stack Trace:
#0 /var/www/html/cakephp2/webroot/index.php(110): Dispatcher->dispatch(Object(CakeRequest), Object(CakeResponse))
#1 /var/www/html/cakephp2/index.php(8): require('/var/www/html/c...')
#2 {main}
2019-04-14 11:07:57 Error: [MissingControllerException] Controller class CssController could not be found.
Exception Attributes: array (
  'class' => 'CssController',
  'plugin' => NULL,
)
Request URL: /css/cake.generic.css
Stack Trace:
#0 /var/www/html/cakephp2/webroot/index.php(110): Dispatcher->dispatch(Object(CakeRequest), Object(CakeResponse))
#1 /var/www/html/cakephp2/index.php(8): require('/var/www/html/c...')
#2 {main}
2019-04-14 11:08:44 Error: [MissingControllerException] Controller class ImgController could not be found.
Exception Attributes: array (
  'class' => 'ImgController',
  'plugin' => NULL,
)
Request URL: /img/cake.power.gif
Stack Trace:
#0 /var/www/html/cakephp2/webroot/index.php(110): Dispatcher->dispatch(Object(CakeRequest), Object(CakeResponse))
#1 /var/www/html/cakephp2/index.php(8): require('/var/www/html/c...')
#2 {main}
2019-04-14 11:08:44 Error: [MissingControllerException] Controller class CssController could not be found.
Exception Attributes: array (
  'class' => 'CssController',
  'plugin' => NULL,
)
Request URL: /css/cake.generic.css
Stack Trace:
#0 /var/www/html/cakephp2/webroot/index.php(110): Dispatcher->dispatch(Object(CakeRequest), Object(CakeResponse))
#1 /var/www/html/cakephp2/index.php(8): require('/var/www/html/c...')
#2 {main}
2019-04-14 11:09:08 Error: [MissingControllerException] Controller class ImgController could not be found.
Exception Attributes: array (
  'class' => 'ImgController',
  'plugin' => NULL,
)
Request URL: /img/cake.power.gif
Stack Trace:
#0 /var/www/html/cakephp2/webroot/index.php(110): Dispatcher->dispatch(Object(CakeRequest), Object(CakeResponse))
#1 /var/www/html/cakephp2/index.php(8): require('/var/www/html/c...')
#2 {main}
2019-04-14 11:09:08 Error: [MissingControllerException] Controller class CssController could not be found.
Exception Attributes: array (
  'class' => 'CssController',
  'plugin' => NULL,
)
Request URL: /css/cake.generic.css
Stack Trace:
#0 /var/www/html/cakephp2/webroot/index.php(110): Dispatcher->dispatch(Object(CakeRequest), Object(CakeResponse))
#1 /var/www/html/cakephp2/index.php(8): require('/var/www/html/c...')
#2 {main}
2019-04-14 11:16:44 Error: [MissingControllerException] Controller class CssController could not be found.
Exception Attributes: array (
  'class' => 'CssController',
  'plugin' => NULL,
)
Request URL: /css/cake.generic.css
Stack Trace:
#0 /var/www/html/cakephp2/webroot/index.php(110): Dispatcher->dispatch(Object(CakeRequest), Object(CakeResponse))
#1 /var/www/html/cakephp2/index.php(8): require('/var/www/html/c...')
#2 {main}
2019-04-14 11:16:47 Error: [MissingControllerException] Controller class ImgController could not be found.
Exception Attributes: array (
  'class' => 'ImgController',
  'plugin' => NULL,
)
Request URL: /img/cake.power.gif
Stack Trace:
#0 /var/www/html/cakephp2/webroot/index.php(110): Dispatcher->dispatch(Object(CakeRequest), Object(CakeResponse))
#1 /var/www/html/cakephp2/index.php(8): require('/var/www/html/c...')
#2 {main}
2019-04-14 11:16:47 Error: [MissingControllerException] Controller class CssController could not be found.
Exception Attributes: array (
  'class' => 'CssController',
  'plugin' => NULL,
)
Request URL: /css/cake.generic.css
Stack Trace:
#0 /var/www/html/cakephp2/webroot/index.php(110): Dispatcher->dispatch(Object(CakeRequest), Object(CakeResponse))
#1 /var/www/html/cakephp2/index.php(8): require('/var/www/html/c...')
#2 {main}
2019-04-14 11:59:59 Error: [MissingControllerException] Controller class ImgController could not be found.
Exception Attributes: array (
  'class' => 'ImgController',
  'plugin' => NULL,
)
Request URL: /img/cake.power.gif
Stack Trace:
#0 /var/www/html/cakephp2/webroot/index.php(110): Dispatcher->dispatch(Object(CakeRequest), Object(CakeResponse))
#1 /var/www/html/cakephp2/index.php(8): require('/var/www/html/c...')
#2 {main}
2019-04-14 11:59:59 Error: [MissingControllerException] Controller class CssController could not be found.
Exception Attributes: array (
  'class' => 'CssController',
  'plugin' => NULL,
)
Request URL: /css/cake.generic.css
Stack Trace:
#0 /var/www/html/cakephp2/webroot/index.php(110): Dispatcher->dispatch(Object(CakeRequest), Object(CakeResponse))
#1 /var/www/html/cakephp2/index.php(8): require('/var/www/html/c...')
#2 {main}
